\BOOKMARK [1][-]{Doc-Start}{Abstract}{}% 1
\BOOKMARK [1][-]{section*.1}{Contents}{}% 2
\BOOKMARK [1][-]{section*.2}{Figures}{}% 3
\BOOKMARK [1][-]{section*.3}{Tables}{}% 4
\BOOKMARK [1][-]{section*.4}{Acronyms}{}% 5
\BOOKMARK [1][-]{section.1}{1\040Motivation\040and\040Theoretical\040Background}{}% 6
\BOOKMARK [2][-]{subsection.1.1}{1.1\040Application\040of\040the\040Box}{section.1}% 7
\BOOKMARK [1][-]{section.2}{2\040Related\040Work}{}% 8
\BOOKMARK [1][-]{section.3}{3\040System\040Design\040and\040Solution\040Concept}{}% 9
\BOOKMARK [2][-]{subsection.3.1}{3.1\040System\040Overview\040-\040Use\040Case}{section.3}% 10
\BOOKMARK [2][-]{subsection.3.2}{3.2\040System\040Overview\040-\040Software\040Deployment}{section.3}% 11
\BOOKMARK [1][-]{section.4}{4\040Implementation}{}% 12
\BOOKMARK [2][-]{subsection.4.1}{4.1\040Sensor\040Exploring}{section.4}% 13
\BOOKMARK [2][-]{subsection.4.2}{4.2\040Software\040Development}{section.4}% 14
\BOOKMARK [2][-]{subsection.4.3}{4.3\040Visualization\040and\040Homepage}{section.4}% 15
\BOOKMARK [1][-]{section.5}{5\040Evaluation\040and\040Testing}{}% 16
\BOOKMARK [2][-]{subsection.5.1}{5.1\040Functional\040Evaluation}{section.5}% 17
\BOOKMARK [2][-]{subsection.5.2}{5.2\040Experiment\040Evaluation}{section.5}% 18
\BOOKMARK [1][-]{section.6}{6\040Conclusion}{}% 19
\BOOKMARK [2][-]{subsection.6.1}{6.1\040Future\040Work}{section.6}% 20
\BOOKMARK [1][-]{subsection.6.1}{References}{}% 21
